<?xml version="1.0" encoding="UTF-8"?>
<testng-results ignored="0" total="2" passed="2" failed="0" skipped="0">
  <reporter-output>
  </reporter-output>
  <suite started-at="2021-10-10T11:12:25Z" name="Surefire suite" finished-at="2021-10-10T11:13:29Z" duration-ms="63885">
    <groups>
    </groups>
    <test started-at="2021-10-10T11:12:25Z" name="Surefire test" finished-at="2021-10-10T11:13:29Z" duration-ms="63885">
      <class name="org.Rahulshetty.DemoTest">
        <test-method is-config="true" signature="driverSetup()[pri:0, instance:org.Rahulshetty.DemoTest@77fbd92c]" started-at="2021-10-10T11:12:25Z" name="driverSetup" finished-at="2021-10-10T11:12:57Z" duration-ms="32029" status="PASS">
          <reporter-output>
          </reporter-output>
        </test-method> <!-- driverSetup -->
        <test-method signature="flightTest(java.util.HashMap)[pri:0, instance:org.Rahulshetty.DemoTest@77fbd92c]" started-at="2021-10-10T11:12:58Z" name="flightTest" data-provider="getData" finished-at="2021-10-10T11:13:17Z" duration-ms="18158" status="PASS">
          <params>
            <param index="0">
              <value>
                <![CDATA[{destination=GOI, destination2=DEL, origin=MAA}]]>
              </value>
            </param>
          </params>
          <reporter-output>
          </reporter-output>
        </test-method> <!-- flightTest -->
        <test-method signature="flightTest(java.util.HashMap)[pri:0, instance:org.Rahulshetty.DemoTest@77fbd92c]" started-at="2021-10-10T11:13:17Z" name="flightTest" data-provider="getData" finished-at="2021-10-10T11:13:22Z" duration-ms="5318" status="PASS">
          <params>
            <param index="0">
              <value>
                <![CDATA[{destination=HYD, destination2=BLR, origin=DEL}]]>
              </value>
            </param>
          </params>
          <reporter-output>
          </reporter-output>
        </test-method> <!-- flightTest -->
        <test-method is-config="true" signature="driverCloseup()[pri:0, instance:org.Rahulshetty.DemoTest@77fbd92c]" started-at="2021-10-10T11:13:22Z" name="driverCloseup" finished-at="2021-10-10T11:13:29Z" duration-ms="7389" status="PASS">
          <reporter-output>
          </reporter-output>
        </test-method> <!-- driverCloseup -->
      </class> <!-- org.Rahulshetty.DemoTest -->
    </test> <!-- Surefire test -->
  </suite> <!-- Surefire suite -->
</testng-results>
